2025-06-15 04:46:50,415 - INFO - Запуск анализа сентимента...
2025-06-15 04:46:54,093 - INFO - Индекс страха и жадности: 60 (Greed)
2025-06-15 04:46:54,094 - INFO - Средний сентимент новостей: 0.00
2025-06-15 04:48:46,046 - INFO - Запуск анализа сентимента...
2025-06-15 04:48:46,050 - INFO - Начало нового анализа...
2025-06-15 04:48:46,050 - INFO - Получение индекса страха и жадности...
2025-06-15 04:48:46,950 - INFO - Индекс страха и жадности: 60 (Greed)
2025-06-15 04:48:46,954 - INFO - Получение новостей с CryptoPanic...
2025-06-15 04:48:47,832 - INFO - Получено 0 новостей с CryptoPanic
2025-06-15 04:48:47,834 - INFO - Получение новостей с Cointelegraph...
2025-06-15 04:48:48,787 - INFO - Получено 0 новостей с Cointelegraph
2025-06-15 04:48:48,788 - INFO - Анализ сентимента новостей...
2025-06-15 04:48:48,788 - WARNING - Нет новостей для анализа сентимента
2025-06-15 04:48:48,794 - INFO - Данные сохранены в sentiment_data.json
2025-06-15 04:48:48,796 - INFO - Ожидание 1 час до следующего анализа...
2025-06-15 04:50:27,028 - INFO - Запуск анализа сентимента...
2025-06-15 04:50:27,028 - INFO - Начало нового анализа...
2025-06-15 04:50:27,035 - INFO - Получение индекса страха и жадности...
2025-06-15 04:50:27,978 - INFO - Индекс страха и жадности: 60 (Greed)
2025-06-15 04:50:27,980 - INFO - Получение новостей с CryptoPanic...
2025-06-15 04:50:28,680 - ERROR - Ошибка при получении новостей с CryptoPanic: 400
2025-06-15 04:50:28,689 - INFO - Получено 0 новостей с CryptoPanic
2025-06-15 04:50:28,691 - INFO - Получение новостей с Cointelegraph...
2025-06-15 04:50:32,376 - INFO - Получено 0 новостей с Cointelegraph
2025-06-15 04:50:32,378 - INFO - Анализ сентимента новостей...
2025-06-15 04:50:32,378 - WARNING - Нет новостей для анализа сентимента
2025-06-15 04:50:32,382 - INFO - Данные сохранены в sentiment_data.json
2025-06-15 04:50:32,382 - INFO - Ожидание 1 час до следующего анализа...
2025-06-15 04:55:05,007 - INFO - Запуск анализа сентимента...
2025-06-15 04:55:05,011 - INFO - Начало нового анализа...
2025-06-15 04:55:05,013 - INFO - Получение индекса страха и жадности...
2025-06-15 04:55:06,283 - INFO - Индекс страха и жадности: 60 (Greed)
2025-06-15 04:55:06,284 - INFO - Получение новостей с Google News...
2025-06-15 04:55:11,590 - INFO - Получено 0 новостей с Google News
2025-06-15 04:55:11,593 - INFO - Анализ сентимента новостей...
2025-06-15 04:55:11,594 - WARNING - Нет новостей для анализа сентимента
2025-06-15 04:55:11,599 - INFO - Данные сохранены в sentiment_data.json
2025-06-15 04:55:11,600 - INFO - Ожидание 1 час до следующего анализа...
2025-06-15 04:55:47,754 - INFO - Запуск анализа сентимента...
2025-06-15 04:55:47,757 - INFO - Начало нового анализа...
2025-06-15 04:55:47,758 - INFO - Получение индекса страха и жадности...
2025-06-15 04:55:48,749 - INFO - Индекс страха и жадности: 60 (Greed)
2025-06-15 04:55:48,752 - INFO - Получение новостей с Google News...
2025-06-15 04:55:53,737 - INFO - Получено 0 новостей с Google News
2025-06-15 04:55:53,739 - INFO - Анализ сентимента новостей...
2025-06-15 04:55:53,740 - WARNING - Нет новостей для анализа сентимента
2025-06-15 04:55:53,745 - INFO - Данные сохранены в sentiment_data.json
2025-06-15 04:55:53,745 - INFO - Ожидание 1 час до следующего анализа...
